1590547278235	mozrunner::runner	INFO	Running command: "C:\\Program Files\\Mozilla Firefox\\firefox.exe" "-marionette" "-foreground" "-no-remote" "-profile" "C:\\Users\\SANTIM~1\\AppData\\Local\\Temp\\rust_mozprofile.Txf6AO3UqV6X"
1590547278568	addons.webextension.doh-rollout@mozilla.org	WARN	Loading extension 'doh-rollout@mozilla.org': Reading manifest: Invalid extension permission: networkStatus
1590547278948	addons.webextension.screenshots@mozilla.org	WARN	Loading extension 'screenshots@mozilla.org': Reading manifest: Invalid extension permission: mozillaAddons
1590547278948	addons.webextension.screenshots@mozilla.org	WARN	Loading extension 'screenshots@mozilla.org': Reading manifest: Invalid extension permission: telemetry
1590547278949	addons.webextension.screenshots@mozilla.org	WARN	Loading extension 'screenshots@mozilla.org': Reading manifest: Invalid extension permission: resource://pdf.js/
1590547278949	addons.webextension.screenshots@mozilla.org	WARN	Loading extension 'screenshots@mozilla.org': Reading manifest: Invalid extension permission: about:reader*
JavaScript error: resource://gre/modules/XULStore.jsm, line 66: Error: Can't find profile directory.
1590547280909	Marionette	INFO	Listening on port 28846
1590547280962	Marionette	WARN	TLS certificate errors will be ignored for this session
JavaScript warning: https://d17ol771963kd3.cloudfront.net/assets/application-fe2e5cbfb81eca3f18c002e82a71d49e.js, line 18911: unreachable code after return statement
JavaScript warning: https://d17ol771963kd3.cloudfront.net/assets/application-fe2e5cbfb81eca3f18c002e82a71d49e.js, line 18911: unreachable code after return statement
1590547290134	Marionette	INFO	Stopped listening on port 28846

###!!! [Child][RunMessage] Error: Channel closing: too late to send/recv, messages will be lost


###!!! [Child][MessageChannel::SendAndWait] Error: Channel error: cannot send/recv

1590547340799	mozrunner::runner	INFO	Running command: "C:\\Program Files\\Mozilla Firefox\\firefox.exe" "-marionette" "-foreground" "-no-remote" "-profile" "C:\\Users\\SANTIM~1\\AppData\\Local\\Temp\\rust_mozprofile.e3eSz82j7fz6"
1590547341107	addons.webextension.doh-rollout@mozilla.org	WARN	Loading extension 'doh-rollout@mozilla.org': Reading manifest: Invalid extension permission: networkStatus
1590547341501	addons.webextension.screenshots@mozilla.org	WARN	Loading extension 'screenshots@mozilla.org': Reading manifest: Invalid extension permission: mozillaAddons
1590547341501	addons.webextension.screenshots@mozilla.org	WARN	Loading extension 'screenshots@mozilla.org': Reading manifest: Invalid extension permission: telemetry
1590547341502	addons.webextension.screenshots@mozilla.org	WARN	Loading extension 'screenshots@mozilla.org': Reading manifest: Invalid extension permission: resource://pdf.js/
1590547341502	addons.webextension.screenshots@mozilla.org	WARN	Loading extension 'screenshots@mozilla.org': Reading manifest: Invalid extension permission: about:reader*
JavaScript error: resource://gre/modules/XULStore.jsm, line 66: Error: Can't find profile directory.
1590547343360	Marionette	INFO	Listening on port 28928
1590547343510	Marionette	WARN	TLS certificate errors will be ignored for this session
JavaScript warning: https://d17ol771963kd3.cloudfront.net/assets/application-fe2e5cbfb81eca3f18c002e82a71d49e.js, line 18911: unreachable code after return statement
JavaScript warning: https://d17ol771963kd3.cloudfront.net/assets/application-fe2e5cbfb81eca3f18c002e82a71d49e.js, line 18911: unreachable code after return statement
1590547359398	Marionette	INFO	Stopped listening on port 28928

###!!! [Child][RunMessage] Error: Channel closing: too late to send/recv, messages will be lost


###!!! [Child][MessageChannel::SendAndWait] Error: Channel error: cannot send/recv

1590547423545	mozrunner::runner	INFO	Running command: "C:\\Program Files\\Mozilla Firefox\\firefox.exe" "-marionette" "-foreground" "-no-remote" "-profile" "C:\\Users\\SANTIM~1\\AppData\\Local\\Temp\\rust_mozprofile.A12SRpEIQ1VM"
1590547423858	addons.webextension.doh-rollout@mozilla.org	WARN	Loading extension 'doh-rollout@mozilla.org': Reading manifest: Invalid extension permission: networkStatus
1590547424201	addons.webextension.screenshots@mozilla.org	WARN	Loading extension 'screenshots@mozilla.org': Reading manifest: Invalid extension permission: mozillaAddons
1590547424201	addons.webextension.screenshots@mozilla.org	WARN	Loading extension 'screenshots@mozilla.org': Reading manifest: Invalid extension permission: telemetry
1590547424201	addons.webextension.screenshots@mozilla.org	WARN	Loading extension 'screenshots@mozilla.org': Reading manifest: Invalid extension permission: resource://pdf.js/
1590547424201	addons.webextension.screenshots@mozilla.org	WARN	Loading extension 'screenshots@mozilla.org': Reading manifest: Invalid extension permission: about:reader*
JavaScript error: resource://gre/modules/XULStore.jsm, line 66: Error: Can't find profile directory.
1590547426032	Marionette	INFO	Listening on port 29023
1590547426280	Marionette	WARN	TLS certificate errors will be ignored for this session
JavaScript warning: https://d17ol771963kd3.cloudfront.net/assets/application-fe2e5cbfb81eca3f18c002e82a71d49e.js, line 18911: unreachable code after return statement
JavaScript warning: https://d17ol771963kd3.cloudfront.net/assets/application-fe2e5cbfb81eca3f18c002e82a71d49e.js, line 18911: unreachable code after return statement
1590547434066	Marionette	INFO	Stopped listening on port 29023

###!!! [Child][RunMessage] Error: Channel closing: too late to send/recv, messages will be lost


###!!! [Child][MessageChannel::SendAndWait] Error: Channel error: cannot send/recv

1590550102756	mozrunner::runner	INFO	Running command: "C:\\Program Files\\Mozilla Firefox\\firefox.exe" "-marionette" "-foreground" "-no-remote" "-profile" "C:\\Users\\SANTIM~1\\AppData\\Local\\Temp\\rust_mozprofile.8L8ibsQYtL2p"
1590550103132	addons.webextension.doh-rollout@mozilla.org	WARN	Loading extension 'doh-rollout@mozilla.org': Reading manifest: Invalid extension permission: networkStatus
1590550103567	addons.webextension.screenshots@mozilla.org	WARN	Loading extension 'screenshots@mozilla.org': Reading manifest: Invalid extension permission: mozillaAddons
1590550103567	addons.webextension.screenshots@mozilla.org	WARN	Loading extension 'screenshots@mozilla.org': Reading manifest: Invalid extension permission: telemetry
1590550103567	addons.webextension.screenshots@mozilla.org	WARN	Loading extension 'screenshots@mozilla.org': Reading manifest: Invalid extension permission: resource://pdf.js/
1590550103567	addons.webextension.screenshots@mozilla.org	WARN	Loading extension 'screenshots@mozilla.org': Reading manifest: Invalid extension permission: about:reader*
JavaScript error: resource://gre/modules/XULStore.jsm, line 66: Error: Can't find profile directory.
1590550105525	Marionette	INFO	Listening on port 29444
1590550105983	Marionette	WARN	TLS certificate errors will be ignored for this session
JavaScript warning: https://d17ol771963kd3.cloudfront.net/assets/application-fe2e5cbfb81eca3f18c002e82a71d49e.js, line 18911: unreachable code after return statement
JavaScript warning: https://d17ol771963kd3.cloudfront.net/assets/application-fe2e5cbfb81eca3f18c002e82a71d49e.js, line 18911: unreachable code after return statement
1590550114378	Marionette	INFO	Stopped listening on port 29444

###!!! [Child][RunMessage] Error: Channel closing: too late to send/recv, messages will be lost


###!!! [Child][MessageChannel::SendAndWait] Error: Channel error: cannot send/recv

1590550152064	mozrunner::runner	INFO	Running command: "C:\\Program Files\\Mozilla Firefox\\firefox.exe" "-marionette" "-foreground" "-no-remote" "-profile" "C:\\Users\\SANTIM~1\\AppData\\Local\\Temp\\rust_mozprofile.GUWqM6g2LpUc"
1590550152373	addons.webextension.doh-rollout@mozilla.org	WARN	Loading extension 'doh-rollout@mozilla.org': Reading manifest: Invalid extension permission: networkStatus
1590550152811	addons.webextension.screenshots@mozilla.org	WARN	Loading extension 'screenshots@mozilla.org': Reading manifest: Invalid extension permission: mozillaAddons
1590550152811	addons.webextension.screenshots@mozilla.org	WARN	Loading extension 'screenshots@mozilla.org': Reading manifest: Invalid extension permission: telemetry
1590550152811	addons.webextension.screenshots@mozilla.org	WARN	Loading extension 'screenshots@mozilla.org': Reading manifest: Invalid extension permission: resource://pdf.js/
1590550152811	addons.webextension.screenshots@mozilla.org	WARN	Loading extension 'screenshots@mozilla.org': Reading manifest: Invalid extension permission: about:reader*
JavaScript error: resource://gre/modules/XULStore.jsm, line 66: Error: Can't find profile directory.
1590550154721	Marionette	INFO	Listening on port 29525
1590550154774	Marionette	WARN	TLS certificate errors will be ignored for this session
JavaScript warning: https://d17ol771963kd3.cloudfront.net/assets/application-fe2e5cbfb81eca3f18c002e82a71d49e.js, line 18911: unreachable code after return statement
JavaScript warning: https://d17ol771963kd3.cloudfront.net/assets/application-fe2e5cbfb81eca3f18c002e82a71d49e.js, line 18911: unreachable code after return statement
[Parent 21568, Gecko_IOThread] WARNING: file /builds/worker/checkouts/gecko/ipc/chromium/src/base/process_util_win.cc, line 166
1590550160818	Marionette	INFO	Stopped listening on port 29525

###!!! [Child][RunMessage] Error: Channel closing: too late to send/recv, messages will be lost


###!!! [Child][MessageChannel::SendAndWait] Error: Channel error: cannot send/recv

